Build started 15/01/2014 08:57:35.
     1>Project "C:\Users\Conor Harney\Desktop\Exercise\Exercise.vcxproj" on node 2 (Build target(s)).
     1>ClCompile:
         C:\Program Files (x86)\Microsoft Visual Studio 11.0\VC\bin\CL.exe /c /ZI /nologo /W3 /WX- /Od /Oy- /D _MBCS /Gm /EHsc /RTC1 /MDd /GS /fp:precise /Zc:wchar_t /Zc:forScope /Fo"Debug\\" /Fd"Debug\vc110.pdb" /Gd /TP /analyze- /errorReport:prompt Source.cpp
         Source.cpp
     1>c:\users\conor harney\desktop\exercise\source.cpp(88): warning C4244: 'return' : conversion from 'int' to 'float', possible loss of data
     1>c:\users\conor harney\desktop\exercise\source.cpp(181): warning C4018: '<' : signed/unsigned mismatch
     1>c:\users\conor harney\desktop\exercise\source.cpp(182): warning C4018: '<' : signed/unsigned mismatch
     1>c:\users\conor harney\desktop\exercise\source.cpp(183): warning C4018: '<' : signed/unsigned mismatch
     1>c:\users\conor harney\desktop\exercise\source.cpp(272): warning C4018: '<' : signed/unsigned mismatch
     1>c:\users\conor harney\desktop\exercise\source.cpp(273): warning C4018: '<' : signed/unsigned mismatch
     1>c:\users\conor harney\desktop\exercise\source.cpp(274): warning C4018: '<' : signed/unsigned mismatch
     1>c:\users\conor harney\desktop\exercise\source.cpp(397): warning C4996: 'localtime': This function or variable may be unsafe. Consider using localtime_s instead. To disable deprecation, use _CRT_SECURE_NO_WARNINGS. See online help for details.
                 c:\program files (x86)\microsoft visual studio 11.0\vc\include\time.inl(112) : see declaration of 'localtime'
     1>c:\users\conor harney\desktop\exercise\source.cpp(452): warning C4018: '<' : signed/unsigned mismatch
     1>c:\users\conor harney\desktop\exercise\source.cpp(453): warning C4018: '<' : signed/unsigned mismatch
     1>c:\users\conor harney\desktop\exercise\source.cpp(454): warning C4018: '<' : signed/unsigned mismatch
     1>c:\users\conor harney\desktop\exercise\source.cpp(455): warning C4244: '=' : conversion from 'int' to 'float', possible loss of data
     1>c:\users\conor harney\desktop\exercise\source.cpp(466): warning C4244: 'initializing' : conversion from 'int' to 'float', possible loss of data
     1>c:\users\conor harney\desktop\exercise\source.cpp(505): warning C4018: '<' : signed/unsigned mismatch
     1>c:\users\conor harney\desktop\exercise\source.cpp(506): warning C4018: '<' : signed/unsigned mismatch
     1>c:\users\conor harney\desktop\exercise\source.cpp(507): warning C4018: '<' : signed/unsigned mismatch
     1>c:\users\conor harney\desktop\exercise\source.cpp(623): warning C4244: 'initializing' : conversion from 'int' to 'float', possible loss of data
     1>c:\users\conor harney\desktop\exercise\source.cpp(624): warning C4244: 'initializing' : conversion from 'int' to 'float', possible loss of data
     1>c:\users\conor harney\desktop\exercise\source.cpp(627): warning C4244: 'argument' : conversion from 'double' to 'const float', possible loss of data
     1>c:\users\conor harney\desktop\exercise\source.cpp(634): warning C4018: '<' : signed/unsigned mismatch
     1>c:\users\conor harney\desktop\exercise\source.cpp(635): warning C4018: '<' : signed/unsigned mismatch
     1>c:\users\conor harney\desktop\exercise\source.cpp(636): warning C4018: '<' : signed/unsigned mismatch
     1>c:\users\conor harney\desktop\exercise\source.cpp(652): warning C4244: 'initializing' : conversion from 'double' to 'float', possible loss of data
       Link:
         C:\Program Files (x86)\Microsoft Visual Studio 11.0\VC\bin\link.exe /ERRORREPORT:PROMPT /OUT:"C:\Users\Conor Harney\Desktop\Exercise\Debug\Exercise.exe" /INCREMENTAL /NOLOGO kernel32.lib user32.lib gdi32.lib winspool.lib comdlg32.lib advapi32.lib shell32.lib ole32.lib oleaut32.lib uuid.lib odbc32.lib odbccp32.lib /MANIFEST /MANIFESTUAC:"level='asInvoker' uiAccess='false'" /manifest:embed /DEBUG /PDB:"C:\Users\Conor Harney\Desktop\Exercise\Debug\Exercise.pdb" /TLBID:1 /DYNAMICBASE /NXCOMPAT /IMPLIB:"C:\Users\Conor Harney\Desktop\Exercise\Debug\Exercise.lib" /MACHINE:X86 Debug\Source.obj
         Exercise.vcxproj -> C:\Users\Conor Harney\Desktop\Exercise\Debug\Exercise.exe
     1>Done Building Project "C:\Users\Conor Harney\Desktop\Exercise\Exercise.vcxproj" (Build target(s)).

Build succeeded.

Time Elapsed 00:00:02.02
